proguard/seeds.txt
com.mzhou.merchant.activity.ActivityAbout
com.mzhou.merchant.activity.ActivityAbout: ActivityAbout()
com.mzhou.merchant.activity.ActivityBinderQQ
com.mzhou.merchant.activity.ActivityBinderQQ: ActivityBinderQQ()
com.mzhou.merchant.activity.ActivityFankui
com.mzhou.merchant.activity.ActivityFankui: ActivityFankui()
com.mzhou.merchant.activity.ActivityFourPhone
com.mzhou.merchant.activity.ActivityFourPhone: ActivityFourPhone()
com.mzhou.merchant.activity.ActivityGX
com.mzhou.merchant.activity.ActivityGX: ActivityGX()
com.mzhou.merchant.activity.ActivityHuoDong
com.mzhou.merchant.activity.ActivityHuoDong: ActivityHuoDong()
com.mzhou.merchant.activity.ActivityHuoDongDetail
com.mzhou.merchant.activity.ActivityHuoDongDetail: ActivityHuoDongDetail()
com.mzhou.merchant.activity.ActivityIndex
com.mzhou.merchant.activity.ActivityIndex: ActivityIndex()
com.mzhou.merchant.activity.ActivityJoin
com.mzhou.merchant.activity.ActivityJoin: ActivityJoin()
com.mzhou.merchant.activity.ActivityLogin
com.mzhou.merchant.activity.ActivityLogin: ActivityLogin()
com.mzhou.merchant.activity.ActivityLogo
com.mzhou.merchant.activity.ActivityLogo: ActivityLogo()
com.mzhou.merchant.activity.ActivityLogoProduct
com.mzhou.merchant.activity.ActivityLogoProduct: ActivityLogoProduct()
com.mzhou.merchant.activity.ActivityMain
com.mzhou.merchant.activity.ActivityMain: ActivityMain()
com.mzhou.merchant.activity.ActivityPP
com.mzhou.merchant.activity.ActivityPP: ActivityPP()
com.mzhou.merchant.activity.ActivityQG
com.mzhou.merchant.activity.ActivityQG: ActivityQG()
com.mzhou.merchant.activity.ActivitySM
com.mzhou.merchant.activity.ActivitySM: ActivitySM()
com.mzhou.merchant.activity.ActivitySS
com.mzhou.merchant.activity.ActivitySS: ActivitySS()
com.mzhou.merchant.activity.ActivityStart
com.mzhou.merchant.activity.ActivityStart: ActivityStart()
com.mzhou.merchant.activity.ActivityTD
com.mzhou.merchant.activity.ActivityTD: ActivityTD()
com.mzhou.merchant.activity.ActivityUserAgree
com.mzhou.merchant.activity.ActivityUserAgree: ActivityUserAgree()
com.mzhou.merchant.activity.ActivityVideoPlayer
com.mzhou.merchant.activity.ActivityVideoPlayer: ActivityVideoPlayer()
com.mzhou.merchant.activity.ActivityWD
com.mzhou.merchant.activity.ActivityWD: ActivityWD()
com.mzhou.merchant.activity.ActivityWM
com.mzhou.merchant.activity.ActivityWM: ActivityWM()
com.mzhou.merchant.activity.ActivityXinWen
com.mzhou.merchant.activity.ActivityXinWen: ActivityXinWen()
com.mzhou.merchant.activity.ActivityZP
com.mzhou.merchant.activity.ActivityZP: ActivityZP()
com.mzhou.merchant.activity.ActivityZS
com.mzhou.merchant.activity.ActivityZS: ActivityZS()
com.mzhou.merchant.activity.CompanyContactUsActivity
com.mzhou.merchant.activity.CompanyContactUsActivity: CompanyContactUsActivity()
com.mzhou.merchant.activity.CompanyIntroduceActivity
com.mzhou.merchant.activity.CompanyIntroduceActivity: CompanyIntroduceActivity()
com.mzhou.merchant.activity.EditShoujiCommenActivity
com.mzhou.merchant.activity.EditShoujiCommenActivity: EditShoujiCommenActivity()
com.mzhou.merchant.activity.EditShoujiEnterpriseActivity
com.mzhou.merchant.activity.EditShoujiEnterpriseActivity: EditShoujiEnterpriseActivity()
com.mzhou.merchant.activity.FabuActivity
com.mzhou.merchant.activity.FabuActivity: FabuActivity()
com.mzhou.merchant.activity.FabuQiugouActivity
com.mzhou.merchant.activity.FabuQiugouActivity: FabuQiugouActivity()
com.mzhou.merchant.activity.FabuShoujiCommenActivity
com.mzhou.merchant.activity.FabuShoujiCommenActivity: FabuShoujiCommenActivity()
com.mzhou.merchant.activity.FabuShoujiEnterpriseActivity
com.mzhou.merchant.activity.FabuShoujiEnterpriseActivity: FabuShoujiEnterpriseActivity()
com.mzhou.merchant.activity.FabuZhaopinActivity
com.mzhou.merchant.activity.FabuZhaopinActivity: FabuZhaopinActivity()
com.mzhou.merchant.activity.FabuZhaoshangActivity
com.mzhou.merchant.activity.FabuZhaoshangActivity: FabuZhaoshangActivity()
...
org.apache.james.mime4j.field.contentdisposition.parser.Token
org.apache.james.mime4j.field.contentdisposition.parser.Token: int kind
org.apache.james.mime4j.field.contentdisposition.parser.Token: int beginLine
org.apache.james.mime4j.field.contentdisposition.parser.Token: int beginColumn
org.apache.james.mime4j.field.contentdisposition.parser.Token: int endLine
org.apache.james.mime4j.field.contentdisposition.parser.Token: int endColumn
org.apache.james.mime4j.field.contentdisposition.parser.Token: java.lang.String image
org.apache.james.mime4j.field.contentdisposition.parser.Token: org.apache.james.mime4j.field.contentdisposition.parser.Token next
org.apache.james.mime4j.field.contentdisposition.parser.Token: org.apache.james.mime4j.field.contentdisposition.parser.Token specialToken
org.apache.james.mime4j.field.contentdisposition.parser.Token: Token()
org.apache.james.mime4j.field.contentdisposition.parser.Token: java.lang.String toString()
org.apache.james.mime4j.field.contentdisposition.parser.Token: org.apache.james.mime4j.field.contentdisposition.parser.Token newToken(int)
org.apache.james.mime4j.field.contentdisposition.parser.TokenMgrError
org.apache.james.mime4j.field.contentdisposition.parser.TokenMgrError: int LEXICAL_ERROR
org.apache.james.mime4j.field.contentdisposition.parser.TokenMgrError: int STATIC_LEXER_ERROR
org.apache.james.mime4j.field.contentdisposition.parser.TokenMgrError: int INVALID_LEXICAL_STATE
org.apache.james.mime4j.field.contentdisposition.parser.TokenMgrError: int LOOP_DETECTED
org.apache.james.mime4j.field.contentdisposition.parser.TokenMgrError: int errorCode
org.apache.james.mime4j.field.contentdisposition.parser.TokenMgrError: java.lang.String addEscapes(java.lang.String)
org.apache.james.mime4j.field.contentdisposition.parser.TokenMgrError: java.lang.String LexicalError(boolean,int,int,int,java.lang.String,char)
org.apache.james.mime4j.field.contentdisposition.parser.TokenMgrError: java.lang.String getMessage()
org.apache.james.mime4j.field.contentdisposition.parser.TokenMgrError: TokenMgrError()
org.apache.james.mime4j.field.contentdisposition.parser.TokenMgrError: TokenMgrError(java.lang.String,int)
org.apache.james.mime4j.field.contentdisposition.parser.TokenMgrError: TokenMgrError(boolean,int,int,int,java.lang.String,char,int)
org.apache.james.mime4j.field.contenttype.parser.ContentTypeParser
org.apache.james.mime4j.field.contenttype.parser.ContentTypeParser: java.lang.String type
org.apache.james.mime4j.field.contenttype.parser.ContentTypeParser: java.lang.String subtype
org.apache.james.mime4j.field.contenttype.parser.ContentTypeParser: java.util.List paramNames
org.apache.james.mime4j.field.contenttype.parser.ContentTypeParser: java.util.List paramValues
org.apache.james.mime4j.field.contenttype.parser.ContentTypeParser: org.apache.james.mime4j.field.contenttype.parser.ContentTypeParserTokenManager token_source
org.apache.james.mime4j.field.contenttype.parser.ContentTypeParser: org.apache.james.mime4j.field.contenttype.parser.SimpleCharStream jj_input_stream
org.apache.james.mime4j.field.contenttype.parser.ContentTypeParser: org.apache.james.mime4j.field.contenttype.parser.Token token
org.apache.james.mime4j.field.contenttype.parser.ContentTypeParser: org.apache.james.mime4j.field.contenttype.parser.Token jj_nt
org.apache.james.mime4j.field.contenttype.parser.ContentTypeParser: int jj_ntk
org.apache.james.mime4j.field.contenttype.parser.ContentTypeParser: int jj_gen
org.apache.james.mime4j.field.contenttype.parser.ContentTypeParser: int[] jj_la1
org.apache.james.mime4j.field.contenttype.parser.ContentTypeParser: int[] jj_la1_0
org.apache.james.mime4j.field.contenttype.parser.ContentTypeParser: java.util.Vector jj_expentries