proguard/mapping.txt
com.mzhou.merchant.activity.ActivityAbout -> com.mzhou.merchant.activity.ActivityAbout:
    android.widget.ImageView title_bar_showleft -> a
    android.widget.ImageView about_image -> b
    android.widget.TextView aboutus_string1 -> c
    android.widget.TextView aboutus_string2 -> d
    android.widget.TextView aboutus_string3 -> e
    android.widget.TextView aboutus_string4 -> f
    android.widget.TextView title_string -> g
    android.widget.TextView title_bar_title -> h
    void onCreate(android.os.Bundle) -> onCreate
    void loadButton() -> a
    void setData() -> b
    void clickButton() -> c
    android.text.Spanned setKeyColor(java.lang.String,java.lang.String,java.lang.String) -> a
com.mzhou.merchant.activity.ActivityAbout$1 -> com.mzhou.merchant.activity.a:
    com.mzhou.merchant.activity.ActivityAbout this$0 -> a
    void onClick(android.view.View) -> onClick
com.mzhou.merchant.activity.ActivityBinderQQ -> com.mzhou.merchant.activity.ActivityBinderQQ:
    com.tencent.tauth.Tencent mTencent -> b
    java.lang.String APP_ID -> a
    java.lang.String openid -> c
    java.lang.Boolean common -> d
    android.content.SharedPreferences sp -> e
    com.mzhou.merchant.dao.biz.UserManager manager -> f
    android.content.Context context -> g
    void onCreate(android.os.Bundle) -> onCreate
    void onClick(android.view.View) -> onClick
    void getInfo() -> a
    void save2Enterprise(com.mzhou.merchant.model.AllBean) -> a
    void save2SharedPrefenrence(com.mzhou.merchant.model.AllBean) -> b
    void showResult(java.lang.String,java.lang.String) -> a
    void login() -> b
    void onActivityResult(int,int,android.content.Intent) -> onActivityResult
    boolean onKeyDown(int,android.view.KeyEvent) -> onKeyDown
    java.lang.Boolean access$0(com.mzhou.merchant.activity.ActivityBinderQQ) -> a
    com.mzhou.merchant.dao.biz.UserManager access$1(com.mzhou.merchant.activity.ActivityBinderQQ) -> b
    java.lang.String access$2(com.mzhou.merchant.activity.ActivityBinderQQ) -> c
    void access$3(com.mzhou.merchant.activity.ActivityBinderQQ,com.mzhou.merchant.model.AllBean) -> a
    android.content.SharedPreferences access$4() -> c
    android.content.Context access$5(com.mzhou.merchant.activity.ActivityBinderQQ) -> d
    void access$6(com.mzhou.merchant.activity.ActivityBinderQQ,com.mzhou.merchant.model.AllBean) -> b
com.mzhou.merchant.activity.ActivityBinderQQ$1 -> com.mzhou.merchant.activity.b:
    com.mzhou.merchant.activity.ActivityBinderQQ this$0 -> a
    void onError(com.tencent.tauth.UiError) -> onError
    void onComplete(org.json.JSONObject) -> onComplete
    void onCancel() -> onCancel
com.mzhou.merchant.activity.ActivityBinderQQ$BaseApiListener -> com.mzhou.merchant.activity.c:
    java.lang.String mScope -> b
    java.lang.Boolean mNeedReAuth -> c
    com.mzhou.merchant.activity.ActivityBinderQQ this$0 -> a
    void onComplete(org.json.JSONObject,java.lang.Object) -> a
    void doComplete(org.json.JSONObject,java.lang.Object) -> b
    void onIOException(java.io.IOException,java.lang.Object) -> a
    void onMalformedURLException(java.net.MalformedURLException,java.lang.Object) -> a
    void onJSONException(org.json.JSONException,java.lang.Object) -> a
    void onConnectTimeoutException(org.apache.http.conn.ConnectTimeoutException,java.lang.Object) -> a
    void onSocketTimeoutException(java.net.SocketTimeoutException,java.lang.Object) -> a
    void onUnknowException(java.lang.Exception,java.lang.Object) -> a
    void onHttpStatusException(com.tencent.open.HttpStatusException,java.lang.Object) -> a
    void onNetworkUnavailableException(com.tencent.open.NetworkUnavailableException,java.lang.Object) -> a
    java.lang.String access$0(com.mzhou.merchant.activity.ActivityBinderQQ$BaseApiListener) -> a
    com.mzhou.merchant.activity.ActivityBinderQQ access$1(com.mzhou.merchant.activity.ActivityBinderQQ$BaseApiListener) -> b
...
android.support.v4.view.ViewConfigurationCompat$ViewConfigurationVersionImpl -> android.support.v4.view.bj:
    int getScaledPagingTouchSlop(android.view.ViewConfiguration) -> a
android.support.v4.view.ViewConfigurationCompatFroyo -> android.support.v4.view.bk:
    int getScaledPagingTouchSlop(android.view.ViewConfiguration) -> a
android.support.v4.view.ViewGroupCompat -> android.support.v4.view.bl:
    android.support.v4.view.ViewGroupCompat$ViewGroupCompatImpl IMPL -> a
    void setMotionEventSplittingEnabled(android.view.ViewGroup,boolean) -> a
android.support.v4.view.ViewGroupCompat$ViewGroupCompatHCImpl -> android.support.v4.view.bm:
    void setMotionEventSplittingEnabled(android.view.ViewGroup,boolean) -> a
android.support.v4.view.ViewGroupCompat$ViewGroupCompatIcsImpl -> android.support.v4.view.bn:
android.support.v4.view.ViewGroupCompat$ViewGroupCompatImpl -> android.support.v4.view.bo:
    void setMotionEventSplittingEnabled(android.view.ViewGroup,boolean) -> a
android.support.v4.view.ViewGroupCompat$ViewGroupCompatStubImpl -> android.support.v4.view.bp:
    void setMotionEventSplittingEnabled(android.view.ViewGroup,boolean) -> a
android.support.v4.view.ViewGroupCompatHC -> android.support.v4.view.bq:
    void setMotionEventSplittingEnabled(android.view.ViewGroup,boolean) -> a
android.support.v4.view.ViewPager -> android.support.v4.view.ViewPager:
    int[] LAYOUT_ATTRS -> a
    int mExpectedAdapterCount -> b
    java.util.Comparator COMPARATOR -> c
    android.view.animation.Interpolator sInterpolator -> d
    java.util.ArrayList mItems -> e
    android.support.v4.view.ViewPager$ItemInfo mTempItem -> f
    android.graphics.Rect mTempRect -> g
    android.support.v4.view.PagerAdapter mAdapter -> h
    int mCurItem -> i
    int mRestoredCurItem -> j
    android.os.Parcelable mRestoredAdapterState -> k
    java.lang.ClassLoader mRestoredClassLoader -> l
    android.widget.Scroller mScroller -> m
    android.support.v4.view.ViewPager$PagerObserver mObserver -> n
    int mPageMargin -> o
    android.graphics.drawable.Drawable mMarginDrawable -> p
    int mTopPageBounds -> q
    int mBottomPageBounds -> r
    float mFirstOffset -> s
    float mLastOffset -> t
    int mChildWidthMeasureSpec -> u
    int mChildHeightMeasureSpec -> v
    boolean mInLayout -> w
    boolean mScrollingCacheEnabled -> x
    boolean mPopulatePending -> y
    int mOffscreenPageLimit -> z
    boolean mIsBeingDragged -> A
    boolean mIsUnableToDrag -> B
    int mDefaultGutterSize -> C
    int mGutterSize -> D
    int mTouchSlop -> E
    float mLastMotionX -> F
    float mLastMotionY -> G
    float mInitialMotionX -> H
    float mInitialMotionY -> I
    int mActivePointerId -> J
    android.view.VelocityTracker mVelocityTracker -> K
    int mMinimumVelocity -> L
android.support.v4.view.ViewPager$1 -> android.support.v4.view.br:
    int compare(android.support.v4.view.ViewPager$ItemInfo,android.support.v4.view.ViewPager$ItemInfo) -> a
    int compare(java.lang.Object,java.lang.Object) -> compare
android.support.v4.view.ViewPager$2 -> android.support.v4.view.bs:
    float getInterpolation(float) -> getInterpolation
android.support.v4.view.ViewPager$3 -> android.support.v4.view.bt:
    android.support.v4.view.ViewPager this$0 -> a
    void run() -> run
android.support.v4.view.ViewPager$Decor -> android.support.v4.view.bu:
android.support.v4.view.ViewPager$ItemInfo -> android.support.v4.view.bv:
    java.lang.Object object -> a
    int position -> b
    boolean scrolling -> c
    float widthFactor -> d
    float offset -> e
android.support.v4.view.ViewPager$LayoutParams -> android.support.v4.view.ViewPager$LayoutParams:
    boolean isDecor -> a
    int gravity -> b
    float widthFactor -> c
    boolean needsMeasure -> d
    int position -> e
    int childIndex -> f