proguard/usage.txt
com.mzhou.merchant.activity.ActivityStart:
    264:271:public void writeFiles(java.lang.String,java.lang.String)
com.mzhou.merchant.activity.BuildConfig
com.mzhou.merchant.activity.EditShoujiCommenActivity:
    private static final int REQUEST_CODE
    private static final int REQUEST_CODE1
com.mzhou.merchant.activity.EditShoujiEnterpriseActivity:
    private static final int REQUEST_CODE
    private static final int REQUEST_CODE1
com.mzhou.merchant.activity.FabuShoujiCommenActivity:
    private static final int REQUEST_CODE
    private static final int REQUEST_CODE1
com.mzhou.merchant.activity.FabuShoujiEnterpriseActivity:
    private static final int REQUEST_CODE
    private static final int REQUEST_CODE1
com.mzhou.merchant.activity.PicPagerActivity:
    private static final java.lang.String STATE_POSITION
com.mzhou.merchant.activity.R:
    10:10:public R()
com.mzhou.merchant.activity.R$anim
com.mzhou.merchant.activity.R$array
com.mzhou.merchant.activity.R$attr
com.mzhou.merchant.activity.R$bool
com.mzhou.merchant.activity.R$color
com.mzhou.merchant.activity.R$dimen
com.mzhou.merchant.activity.R$drawable
com.mzhou.merchant.activity.R$id
com.mzhou.merchant.activity.R$layout
com.mzhou.merchant.activity.R$menu
com.mzhou.merchant.activity.R$string
com.mzhou.merchant.activity.R$style
com.mzhou.merchant.activity.R$styleable:
    public static final int CYTextView_lineSpacingExtra
    public static final int CYTextView_textColor
    public static final int CYTextView_textSize
    public static final int CYTextView_textwidth
    public static final int CYTextView_typeface
    public static final int Gallery1_android_galleryItemBackground
    public static final int PullToRefresh_ptrAdapterViewBackground
    public static final int PullToRefresh_ptrAnimationStyle
    public static final int PullToRefresh_ptrDrawable
    public static final int PullToRefresh_ptrDrawableBottom
    public static final int PullToRefresh_ptrDrawableEnd
    public static final int PullToRefresh_ptrDrawableStart
    public static final int PullToRefresh_ptrDrawableTop
    public static final int PullToRefresh_ptrHeaderBackground
    public static final int PullToRefresh_ptrHeaderSubTextColor
    public static final int PullToRefresh_ptrHeaderTextAppearance
    public static final int PullToRefresh_ptrHeaderTextColor
    public static final int PullToRefresh_ptrListViewExtrasEnabled
    public static final int PullToRefresh_ptrMode
    public static final int PullToRefresh_ptrOverScroll
    public static final int PullToRefresh_ptrRefreshableViewBackground
    public static final int PullToRefresh_ptrRotateDrawableWhilePulling
    public static final int PullToRefresh_ptrScrollingWhileRefreshingEnabled
    public static final int PullToRefresh_ptrShowIndicator
com.mzhou.merchant.activity.R$xml
com.mzhou.merchant.activity.UserControlCommonActivity:
    private static final int REQUEST_CODE
    private static final int REQUEST_CODE1
com.mzhou.merchant.activity.UserControlEnterpriseActivity:
    private static final int REQUEST_CODE
    private static final int REQUEST_CODE1
...
com.handmark.pulltorefresh.library.LoadingLayoutProxy:
    42:45:public void setLoadingDrawable(android.graphics.drawable.Drawable)
    49:52:public void setRefreshingLabel(java.lang.CharSequence)
    56:59:public void setPullLabel(java.lang.CharSequence)
    63:66:public void setReleaseLabel(java.lang.CharSequence)
    69:72:public void setTextTypeface(android.graphics.Typeface)
com.handmark.pulltorefresh.library.OverscrollHelper:
    static final java.lang.String LOG_TAG
    static final float DEFAULT_OVERSCROLL_SCALE
    26:26:public OverscrollHelper()
com.handmark.pulltorefresh.library.PullToRefreshAdapterViewBase:
    102:102:public boolean getShowIndicator()
    215:216:public final void setOnLastItemVisibleListener(com.handmark.pulltorefresh.library.PullToRefreshBase$OnLastItemVisibleListener)
    219:220:public final void setOnScrollListener(android.widget.AbsListView$OnScrollListener)
    223:224:public final void setScrollEmptyView(boolean)
    235:244:public void setShowIndicator(boolean)
com.handmark.pulltorefresh.library.PullToRefreshBase:
    static final boolean DEBUG
    static final boolean USE_HW_LAYERS
    static final java.lang.String LOG_TAG
    static final float FRICTION
    public static final int SMOOTH_SCROLL_DURATION_MS
    public static final int SMOOTH_SCROLL_LONG_DURATION_MS
    static final int DEMO_SCROLL_INTERVAL
    static final java.lang.String STATE_STATE
    static final java.lang.String STATE_MODE
    static final java.lang.String STATE_CURRENT_MODE
    static final java.lang.String STATE_SCROLLING_REFRESHING_ENABLED
    static final java.lang.String STATE_SHOW_REFRESHING_VIEW
    static final java.lang.String STATE_SUPER
    147:155:public final boolean demo()
    165:165:public final boolean getFilterTouchEvents()
    202:202:public final boolean isDisableScrollingWhileRefreshing()
    223:223:public final boolean isScrollingWhileRefreshingEnabled()
    384:385:public void setDisableScrollingWhileRefreshing(boolean)
    389:390:public final void setFilterTouchEvents(boolean)
    397:398:public void setLastUpdatedLabel(java.lang.CharSequence)
    405:406:public void setLoadingDrawable(android.graphics.drawable.Drawable)
    413:415:public void setLoadingDrawable(android.graphics.drawable.Drawable,com.handmark.pulltorefresh.library.PullToRefreshBase$Mode)
    434:435:public void setOnPullEventListener(com.handmark.pulltorefresh.library.PullToRefreshBase$OnPullEventListener)
com.handmark.pulltorefresh.library.PullToRefreshBase$3
com.handmark.pulltorefresh.library.PullToRefreshExpandableListView:
    31:32:public PullToRefreshExpandableListView(android.content.Context)
    39:40:public PullToRefreshExpandableListView(android.content.Context,com.handmark.pulltorefresh.library.PullToRefreshBase$Mode)
    43:44:public PullToRefreshExpandableListView(android.content.Context,com.handmark.pulltorefresh.library.PullToRefreshBase$Mode,com.handmark.pulltorefresh.library.PullToRefreshBase$AnimationStyle)
com.handmark.pulltorefresh.library.PullToRefreshGridView:
    32:33:public PullToRefreshGridView(android.content.Context)
    40:41:public PullToRefreshGridView(android.content.Context,com.handmark.pulltorefresh.library.PullToRefreshBase$Mode)
    44:45:public PullToRefreshGridView(android.content.Context,com.handmark.pulltorefresh.library.PullToRefreshBase$Mode,com.handmark.pulltorefresh.library.PullToRefreshBase$AnimationStyle)
com.handmark.pulltorefresh.library.PullToRefreshHorizontalScrollView:
    31:32:public PullToRefreshHorizontalScrollView(android.content.Context)
    39:40:public PullToRefreshHorizontalScrollView(android.content.Context,com.handmark.pulltorefresh.library.PullToRefreshBase$Mode)
    43:44:public PullToRefreshHorizontalScrollView(android.content.Context,com.handmark.pulltorefresh.library.PullToRefreshBase$Mode,com.handmark.pulltorefresh.library.PullToRefreshBase$AnimationStyle)